[1224/105724.027:ERROR:directory_reader_win.cc(43)] FindFirstFile: The system cannot find the path specified. (0x3)
[1224/141844.310:ERROR:process_reader_win.cc(123)] NtOpenThread: {Access Denied} A process has requested access to an object, but has not been granted those access rights. (0xc0000022)
[1224/141844.310:ERROR:process_reader_win.cc(123)] NtOpenThread: {Access Denied} A process has requested access to an object, but has not been granted those access rights. (0xc0000022)
[1224/141844.357:ERROR:exception_snapshot_win.cc(99)] thread ID 4860 not found in process
[1224/141844.357:ERROR:exception_snapshot_win.cc(99)] thread ID 2740 not found in process
[1224/141844.420:ERROR:process_reader_win.cc(123)] NtOpenThread: {Access Denied} A process has requested access to an object, but has not been granted those access rights. (0xc0000022)
[1224/141844.420:ERROR:process_reader_win.cc(123)] NtOpenThread: {Access Denied} A process has requested access to an object, but has not been granted those access rights. (0xc0000022)
[1224/141844.420:ERROR:exception_snapshot_win.cc(99)] thread ID 10116 not found in process
[1224/141844.420:ERROR:exception_snapshot_win.cc(99)] thread ID 936 not found in process
[1224/141844.498:ERROR:process_reader_win.cc(123)] NtOpenThread: {Access Denied} A process has requested access to an object, but has not been granted those access rights. (0xc0000022)
[1224/141844.498:ERROR:process_reader_win.cc(123)] NtOpenThread: {Access Denied} A process has requested access to an object, but has not been granted those access rights. (0xc0000022)
[1224/141844.498:ERROR:exception_snapshot_win.cc(99)] thread ID 10040 not found in process
[1224/141844.498:ERROR:exception_snapshot_win.cc(99)] thread ID 10020 not found in process
[1224/141844.576:ERROR:process_reader_win.cc(123)] NtOpenThread: {Access Denied} A process has requested access to an object, but has not been granted those access rights. (0xc0000022)
[1224/141844.576:ERROR:exception_snapshot_win.cc(99)] thread ID 2608 not found in process
[1224/141844.592:ERROR:process_reader_win.cc(123)] NtOpenThread: {Access Denied} A process has requested access to an object, but has not been granted those access rights. (0xc0000022)
[1224/141844.592:ERROR:exception_snapshot_win.cc(99)] thread ID 10200 not found in process
[1224/141844.607:ERROR:process_reader_win.cc(123)] NtOpenThread: {Access Denied} A process has requested access to an object, but has not been granted those access rights. (0xc0000022)
[1224/141844.607:ERROR:exception_snapshot_win.cc(99)] thread ID 10212 not found in process
[1224/175616.581:ERROR:directory_reader_win.cc(43)] FindFirstFile: The system cannot find the path specified. (0x3)
[1224/201904.708:ERROR:process_reader_win.cc(151)] SuspendThread: Access is denied. (0x5)
[1224/201904.708:ERROR:process_reader_win.cc(123)] NtOpenThread: {Access Denied} A process has requested access to an object, but has not been granted those access rights. (0xc0000022)
[1224/201904.736:ERROR:exception_snapshot_win.cc(99)] thread ID 9664 not found in process
[1224/201904.752:ERROR:process_reader_win.cc(151)] SuspendThread: Access is denied. (0x5)
[1224/201904.752:ERROR:process_reader_win.cc(151)] SuspendThread: Access is denied. (0x5)
[1224/201904.752:ERROR:process_reader_win.cc(123)] NtOpenThread: {Access Denied} A process has requested access to an object, but has not been granted those access rights. (0xc0000022)
[1224/201904.752:ERROR:exception_snapshot_win.cc(99)] thread ID 8980 not found in process
[1224/201904.863:ERROR:process_reader_win.cc(151)] SuspendThread: Access is denied. (0x5)
[1224/201904.863:ERROR:process_reader_win.cc(151)] SuspendThread: Access is denied. (0x5)
[1224/201904.864:ERROR:process_reader_win.cc(151)] SuspendThread: Access is denied. (0x5)
[1224/201904.864:ERROR:process_reader_win.cc(151)] SuspendThread: Access is denied. (0x5)
[1224/201904.864:ERROR:process_reader_win.cc(151)] SuspendThread: Access is denied. (0x5)
[1224/201904.864:ERROR:process_reader_win.cc(151)] SuspendThread: Access is denied. (0x5)
[1224/201904.864:ERROR:process_reader_win.cc(151)] SuspendThread: Access is denied. (0x5)
[1224/201904.866:ERROR:process_reader_win.cc(151)] SuspendThread: Access is denied. (0x5)
[1224/201904.866:ERROR:process_reader_win.cc(151)] SuspendThread: Access is denied. (0x5)
[1224/201904.866:ERROR:process_reader_win.cc(151)] SuspendThread: Access is denied. (0x5)
[1224/201904.866:ERROR:process_reader_win.cc(151)] SuspendThread: Access is denied. (0x5)
[1224/201904.866:ERROR:process_reader_win.cc(151)] SuspendThread: Access is denied. (0x5)
[1224/201904.866:ERROR:process_reader_win.cc(151)] SuspendThread: Access is denied. (0x5)
[1224/201904.866:ERROR:process_reader_win.cc(151)] SuspendThread: Access is denied. (0x5)
[1224/201904.866:ERROR:process_reader_win.cc(123)] NtOpenThread: {Access Denied} A process has requested access to an object, but has not been granted those access rights. (0xc0000022)
[1224/201904.866:ERROR:exception_snapshot_win.cc(99)] thread ID 1648 not found in process
[1224/201905.112:ERROR:process_reader_win.cc(151)] SuspendThread: Access is denied. (0x5)
[1224/201905.112:ERROR:process_reader_win.cc(151)] SuspendThread: Access is denied. (0x5)
[1224/201905.112:ERROR:process_reader_win.cc(151)] SuspendThread: Access is denied. (0x5)
[1224/201905.112:ERROR:process_reader_win.cc(151)] SuspendThread: Access is denied. (0x5)
[1224/201905.112:ERROR:process_reader_win.cc(151)] SuspendThread: Access is denied. (0x5)
[1224/201905.112:ERROR:process_reader_win.cc(151)] SuspendThread: Access is denied. (0x5)
[1224/201905.112:ERROR:process_reader_win.cc(151)] SuspendThread: Access is denied. (0x5)
[1224/201905.112:ERROR:process_reader_win.cc(151)] SuspendThread: Access is denied. (0x5)
[1224/201905.112:ERROR:process_reader_win.cc(151)] SuspendThread: Access is denied. (0x5)
[1224/201905.112:ERROR:process_reader_win.cc(151)] SuspendThread: Access is denied. (0x5)
[1224/201905.112:ERROR:process_reader_win.cc(151)] SuspendThread: Access is denied. (0x5)
[1224/201905.112:ERROR:process_reader_win.cc(151)] SuspendThread: Access is denied. (0x5)
[1224/201905.112:ERROR:process_reader_win.cc(123)] NtOpenThread: {Access Denied} A process has requested access to an object, but has not been granted those access rights. (0xc0000022)
[1224/201905.112:ERROR:exception_snapshot_win.cc(99)] thread ID 3764 not found in process
[1224/201905.195:ERROR:process_reader_win.cc(151)] SuspendThread: Access is denied. (0x5)
[1224/201905.196:ERROR:process_reader_win.cc(151)] SuspendThread: Access is denied. (0x5)
[1224/201905.196:ERROR:process_reader_win.cc(151)] SuspendThread: Access is denied. (0x5)
[1224/201905.196:ERROR:process_reader_win.cc(151)] SuspendThread: Access is denied. (0x5)
[1224/201905.196:ERROR:process_reader_win.cc(151)] SuspendThread: Access is denied. (0x5)
[1224/201905.196:ERROR:process_reader_win.cc(151)] SuspendThread: Access is denied. (0x5)
[1224/201905.196:ERROR:process_reader_win.cc(151)] SuspendThread: Access is denied. (0x5)
[1224/201905.196:ERROR:process_reader_win.cc(151)] SuspendThread: Access is denied. (0x5)
[1224/201905.196:ERROR:process_reader_win.cc(151)] SuspendThread: Access is denied. (0x5)
[1224/201905.196:ERROR:process_reader_win.cc(151)] SuspendThread: Access is denied. (0x5)
[1224/201905.196:ERROR:process_reader_win.cc(151)] SuspendThread: Access is denied. (0x5)
[1224/201905.196:ERROR:process_reader_win.cc(151)] SuspendThread: Access is denied. (0x5)
[1224/201905.196:ERROR:process_reader_win.cc(123)] NtOpenThread: {Access Denied} A process has requested access to an object, but has not been granted those access rights. (0xc0000022)
[1224/201905.196:ERROR:exception_snapshot_win.cc(99)] thread ID 8328 not found in process
[1224/201905.197:ERROR:process_reader_win.cc(151)] SuspendThread: Access is denied. (0x5)
[1224/201905.197:ERROR:process_reader_win.cc(151)] SuspendThread: Access is denied. (0x5)
[1224/201905.197:ERROR:process_reader_win.cc(151)] SuspendThread: Access is denied. (0x5)
[1224/201905.197:ERROR:process_reader_win.cc(151)] SuspendThread: Access is denied. (0x5)
[1224/201905.197:ERROR:process_reader_win.cc(151)] SuspendThread: Access is denied. (0x5)
[1224/201905.197:ERROR:process_reader_win.cc(151)] SuspendThread: Access is denied. (0x5)
[1224/201905.197:ERROR:process_reader_win.cc(151)] SuspendThread: Access is denied. (0x5)
[1224/201905.197:ERROR:process_reader_win.cc(151)] SuspendThread: Access is denied. (0x5)
[1224/201905.197:ERROR:process_reader_win.cc(123)] NtOpenThread: {Access Denied} A process has requested access to an object, but has not been granted those access rights. (0xc0000022)
[1224/201905.198:ERROR:exception_snapshot_win.cc(99)] thread ID 6412 not found in process
[1224/201905.260:ERROR:process_reader_win.cc(151)] SuspendThread: Access is denied. (0x5)
[1224/201905.260:ERROR:process_reader_win.cc(151)] SuspendThread: Access is denied. (0x5)
[1224/201905.260:ERROR:process_reader_win.cc(151)] SuspendThread: Access is denied. (0x5)
[1224/201905.261:ERROR:process_reader_win.cc(151)] SuspendThread: Access is denied. (0x5)
[1224/201905.261:ERROR:process_reader_win.cc(151)] SuspendThread: Access is denied. (0x5)
[1224/201905.261:ERROR:process_reader_win.cc(151)] SuspendThread: Access is denied. (0x5)
[1224/201905.261:ERROR:process_reader_win.cc(151)] SuspendThread: Access is denied. (0x5)
[1224/201905.261:ERROR:process_reader_win.cc(151)] SuspendThread: Access is denied. (0x5)
[1224/201905.261:ERROR:process_reader_win.cc(151)] SuspendThread: Access is denied. (0x5)
[1224/201905.261:ERROR:process_reader_win.cc(151)] SuspendThread: Access is denied. (0x5)
[1224/201905.261:ERROR:process_reader_win.cc(151)] SuspendThread: Access is denied. (0x5)
[1224/201905.261:ERROR:process_reader_win.cc(151)] SuspendThread: Access is denied. (0x5)
[1224/201905.261:ERROR:process_reader_win.cc(151)] SuspendThread: Access is denied. (0x5)
[1224/201905.261:ERROR:process_reader_win.cc(151)] SuspendThread: Access is denied. (0x5)
[1224/201905.261:ERROR:process_reader_win.cc(151)] SuspendThread: Access is denied. (0x5)
[1224/201905.261:ERROR:process_reader_win.cc(151)] SuspendThread: Access is denied. (0x5)
[1224/201905.261:ERROR:process_reader_win.cc(151)] SuspendThread: Access is denied. (0x5)
[1224/201905.261:ERROR:process_reader_win.cc(123)] NtOpenThread: {Access Denied} A process has requested access to an object, but has not been granted those access rights. (0xc0000022)
[1224/201905.261:ERROR:exception_snapshot_win.cc(99)] thread ID 5832 not found in process
[1224/201905.317:ERROR:process_reader_win.cc(151)] SuspendThread: Access is denied. (0x5)
[1224/201905.317:ERROR:process_reader_win.cc(151)] SuspendThread: Access is denied. (0x5)
[1224/201905.317:ERROR:process_reader_win.cc(151)] SuspendThread: Access is denied. (0x5)
[1224/201905.317:ERROR:process_reader_win.cc(151)] SuspendThread: Access is denied. (0x5)
[1224/201905.317:ERROR:process_reader_win.cc(151)] SuspendThread: Access is denied. (0x5)
[1224/201905.317:ERROR:process_reader_win.cc(151)] SuspendThread: Access is denied. (0x5)
[1224/201905.317:ERROR:process_reader_win.cc(151)] SuspendThread: Access is denied. (0x5)
[1224/201905.317:ERROR:process_reader_win.cc(151)] SuspendThread: Access is denied. (0x5)
[1224/201905.317:ERROR:process_reader_win.cc(151)] SuspendThread: Access is denied. (0x5)
[1224/201905.317:ERROR:process_reader_win.cc(151)] SuspendThread: Access is denied. (0x5)
[1224/201905.317:ERROR:process_reader_win.cc(151)] SuspendThread: Access is denied. (0x5)
[1224/201905.317:ERROR:process_reader_win.cc(123)] NtOpenThread: {Access Denied} A process has requested access to an object, but has not been granted those access rights. (0xc0000022)
[1224/201905.317:ERROR:exception_snapshot_win.cc(99)] thread ID 868 not found in process
[1224/201905.356:ERROR:process_reader_win.cc(151)] SuspendThread: Access is denied. (0x5)
[1224/201905.356:ERROR:process_reader_win.cc(151)] SuspendThread: Access is denied. (0x5)
[1224/201905.356:ERROR:process_reader_win.cc(151)] SuspendThread: Access is denied. (0x5)
[1224/201905.356:ERROR:process_reader_win.cc(151)] SuspendThread: Access is denied. (0x5)
[1224/201905.356:ERROR:process_reader_win.cc(151)] SuspendThread: Access is denied. (0x5)
[1224/201905.356:ERROR:process_reader_win.cc(151)] SuspendThread: Access is denied. (0x5)
[1224/201905.356:ERROR:process_reader_win.cc(151)] SuspendThread: Access is denied. (0x5)
[1224/201905.356:ERROR:process_reader_win.cc(151)] SuspendThread: Access is denied. (0x5)
[1224/201905.356:ERROR:process_reader_win.cc(151)] SuspendThread: Access is denied. (0x5)
[1224/201905.356:ERROR:process_reader_win.cc(151)] SuspendThread: Access is denied. (0x5)
[1224/201905.356:ERROR:process_reader_win.cc(151)] SuspendThread: Access is denied. (0x5)
[1224/201905.356:ERROR:process_reader_win.cc(151)] SuspendThread: Access is denied. (0x5)
[1224/201905.356:ERROR:process_reader_win.cc(151)] SuspendThread: Access is denied. (0x5)
[1224/201905.356:ERROR:process_reader_win.cc(123)] NtOpenThread: {Access Denied} A process has requested access to an object, but has not been granted those access rights. (0xc0000022)
[1224/201905.357:ERROR:exception_snapshot_win.cc(99)] thread ID 6496 not found in process
[1224/201905.388:ERROR:process_reader_win.cc(151)] SuspendThread: Access is denied. (0x5)
[1224/201905.388:ERROR:process_reader_win.cc(151)] SuspendThread: Access is denied. (0x5)
[1224/201905.388:ERROR:process_reader_win.cc(151)] SuspendThread: Access is denied. (0x5)
[1224/201905.388:ERROR:process_reader_win.cc(151)] SuspendThread: Access is denied. (0x5)
[1224/201905.389:ERROR:process_reader_win.cc(151)] SuspendThread: Access is denied. (0x5)
[1224/201905.389:ERROR:process_reader_win.cc(151)] SuspendThread: Access is denied. (0x5)
[1224/201905.389:ERROR:process_reader_win.cc(151)] SuspendThread: Access is denied. (0x5)
[1224/201905.389:ERROR:process_reader_win.cc(151)] SuspendThread: Access is denied. (0x5)
[1224/201905.389:ERROR:process_reader_win.cc(151)] SuspendThread: Access is denied. (0x5)
[1224/201905.389:ERROR:process_reader_win.cc(123)] NtOpenThread: {Access Denied} A process has requested access to an object, but has not been granted those access rights. (0xc0000022)
[1224/201905.389:ERROR:exception_snapshot_win.cc(99)] thread ID 8448 not found in process
[1224/201905.421:ERROR:process_reader_win.cc(151)] SuspendThread: Access is denied. (0x5)
[1224/201905.421:ERROR:process_reader_win.cc(151)] SuspendThread: Access is denied. (0x5)
[1224/201905.421:ERROR:process_reader_win.cc(151)] SuspendThread: Access is denied. (0x5)
[1224/201905.421:ERROR:process_reader_win.cc(151)] SuspendThread: Access is denied. (0x5)
[1224/201905.421:ERROR:process_reader_win.cc(151)] SuspendThread: Access is denied. (0x5)
[1224/201905.421:ERROR:process_reader_win.cc(151)] SuspendThread: Access is denied. (0x5)
[1224/201905.421:ERROR:process_reader_win.cc(151)] SuspendThread: Access is denied. (0x5)
[1224/201905.421:ERROR:process_reader_win.cc(151)] SuspendThread: Access is denied. (0x5)
[1224/201905.421:ERROR:process_reader_win.cc(151)] SuspendThread: Access is denied. (0x5)
[1224/201905.421:ERROR:process_reader_win.cc(123)] NtOpenThread: {Access Denied} A process has requested access to an object, but has not been granted those access rights. (0xc0000022)
[1224/201905.421:ERROR:exception_snapshot_win.cc(99)] thread ID 4460 not found in process
[1224/201905.451:ERROR:process_reader_win.cc(151)] SuspendThread: Access is denied. (0x5)
[1224/201905.451:ERROR:process_reader_win.cc(151)] SuspendThread: Access is denied. (0x5)
[1224/201905.451:ERROR:process_reader_win.cc(151)] SuspendThread: Access is denied. (0x5)
[1224/201905.451:ERROR:process_reader_win.cc(151)] SuspendThread: Access is denied. (0x5)
[1224/201905.451:ERROR:process_reader_win.cc(151)] SuspendThread: Access is denied. (0x5)
[1224/201905.451:ERROR:process_reader_win.cc(151)] SuspendThread: Access is denied. (0x5)
[1224/201905.451:ERROR:process_reader_win.cc(151)] SuspendThread: Access is denied. (0x5)
[1224/201905.452:ERROR:process_reader_win.cc(151)] SuspendThread: Access is denied. (0x5)
[1224/201905.452:ERROR:process_reader_win.cc(151)] SuspendThread: Access is denied. (0x5)
[1224/201905.452:ERROR:process_reader_win.cc(123)] NtOpenThread: {Access Denied} A process has requested access to an object, but has not been granted those access rights. (0xc0000022)
[1224/201905.452:ERROR:exception_snapshot_win.cc(99)] thread ID 5140 not found in process
[1224/201905.485:ERROR:process_reader_win.cc(151)] SuspendThread: Access is denied. (0x5)
[1224/201905.485:ERROR:process_reader_win.cc(151)] SuspendThread: Access is denied. (0x5)
[1224/201905.485:ERROR:process_reader_win.cc(151)] SuspendThread: Access is denied. (0x5)
[1224/201905.485:ERROR:process_reader_win.cc(151)] SuspendThread: Access is denied. (0x5)
[1224/201905.485:ERROR:process_reader_win.cc(151)] SuspendThread: Access is denied. (0x5)
[1224/201905.485:ERROR:process_reader_win.cc(151)] SuspendThread: Access is denied. (0x5)
[1224/201905.485:ERROR:process_reader_win.cc(151)] SuspendThread: Access is denied. (0x5)
[1224/201905.485:ERROR:process_reader_win.cc(151)] SuspendThread: Access is denied. (0x5)
[1224/201905.485:ERROR:process_reader_win.cc(123)] NtOpenThread: {Access Denied} A process has requested access to an object, but has not been granted those access rights. (0xc0000022)
[1224/201905.486:ERROR:exception_snapshot_win.cc(99)] thread ID 8688 not found in process
[1224/201905.525:ERROR:process_reader_win.cc(151)] SuspendThread: Access is denied. (0x5)
[1224/201905.525:ERROR:process_reader_win.cc(151)] SuspendThread: Access is denied. (0x5)
[1224/201905.525:ERROR:process_reader_win.cc(151)] SuspendThread: Access is denied. (0x5)
[1224/201905.525:ERROR:process_reader_win.cc(151)] SuspendThread: Access is denied. (0x5)
[1224/201905.525:ERROR:process_reader_win.cc(151)] SuspendThread: Access is denied. (0x5)
[1224/201905.525:ERROR:process_reader_win.cc(151)] SuspendThread: Access is denied. (0x5)
[1224/201905.525:ERROR:process_reader_win.cc(151)] SuspendThread: Access is denied. (0x5)
[1224/201905.525:ERROR:process_reader_win.cc(151)] SuspendThread: Access is denied. (0x5)
[1224/201905.525:ERROR:process_reader_win.cc(151)] SuspendThread: Access is denied. (0x5)
[1224/201905.525:ERROR:process_reader_win.cc(123)] NtOpenThread: {Access Denied} A process has requested access to an object, but has not been granted those access rights. (0xc0000022)
[1224/201905.525:ERROR:exception_snapshot_win.cc(99)] thread ID 908 not found in process
[1224/201905.555:ERROR:process_reader_win.cc(151)] SuspendThread: Access is denied. (0x5)
[1224/201905.555:ERROR:process_reader_win.cc(151)] SuspendThread: Access is denied. (0x5)
[1224/201905.555:ERROR:process_reader_win.cc(151)] SuspendThread: Access is denied. (0x5)
[1224/201905.555:ERROR:process_reader_win.cc(151)] SuspendThread: Access is denied. (0x5)
[1224/201905.555:ERROR:process_reader_win.cc(151)] SuspendThread: Access is denied. (0x5)
[1224/201905.555:ERROR:process_reader_win.cc(151)] SuspendThread: Access is denied. (0x5)
[1224/201905.555:ERROR:process_reader_win.cc(151)] SuspendThread: Access is denied. (0x5)
[1224/201905.555:ERROR:process_reader_win.cc(151)] SuspendThread: Access is denied. (0x5)
[1224/201905.555:ERROR:process_reader_win.cc(123)] NtOpenThread: {Access Denied} A process has requested access to an object, but has not been granted those access rights. (0xc0000022)
[1224/201905.556:ERROR:exception_snapshot_win.cc(99)] thread ID 3428 not found in process
[1224/201905.582:ERROR:process_reader_win.cc(151)] SuspendThread: Access is denied. (0x5)
[1224/201905.582:ERROR:process_reader_win.cc(151)] SuspendThread: Access is denied. (0x5)
[1224/201905.582:ERROR:process_reader_win.cc(151)] SuspendThread: Access is denied. (0x5)
[1224/201905.582:ERROR:process_reader_win.cc(151)] SuspendThread: Access is denied. (0x5)
[1224/201905.582:ERROR:process_reader_win.cc(151)] SuspendThread: Access is denied. (0x5)
[1224/201905.582:ERROR:process_reader_win.cc(151)] SuspendThread: Access is denied. (0x5)
[1224/201905.582:ERROR:process_reader_win.cc(151)] SuspendThread: Access is denied. (0x5)
[1224/201905.582:ERROR:process_reader_win.cc(151)] SuspendThread: Access is denied. (0x5)
[1224/201905.582:ERROR:process_reader_win.cc(151)] SuspendThread: Access is denied. (0x5)
[1224/201905.582:ERROR:process_reader_win.cc(123)] NtOpenThread: {Access Denied} A process has requested access to an object, but has not been granted those access rights. (0xc0000022)
[1224/201905.582:ERROR:exception_snapshot_win.cc(99)] thread ID 8364 not found in process
[1224/201905.615:ERROR:process_reader_win.cc(151)] SuspendThread: Access is denied. (0x5)
[1224/201905.615:ERROR:process_reader_win.cc(151)] SuspendThread: Access is denied. (0x5)
[1224/201905.615:ERROR:process_reader_win.cc(151)] SuspendThread: Access is denied. (0x5)
[1224/201905.615:ERROR:process_reader_win.cc(151)] SuspendThread: Access is denied. (0x5)
[1224/201905.615:ERROR:process_reader_win.cc(151)] SuspendThread: Access is denied. (0x5)
[1224/201905.615:ERROR:process_reader_win.cc(151)] SuspendThread: Access is denied. (0x5)
[1224/201905.615:ERROR:process_reader_win.cc(151)] SuspendThread: Access is denied. (0x5)
[1224/201905.615:ERROR:process_reader_win.cc(151)] SuspendThread: Access is denied. (0x5)
[1224/201905.615:ERROR:process_reader_win.cc(151)] SuspendThread: Access is denied. (0x5)
[1224/201905.615:ERROR:process_reader_win.cc(123)] NtOpenThread: {Access Denied} A process has requested access to an object, but has not been granted those access rights. (0xc0000022)
[1224/201905.615:ERROR:exception_snapshot_win.cc(99)] thread ID 10076 not found in process
[1224/201905.648:ERROR:process_reader_win.cc(151)] SuspendThread: Access is denied. (0x5)
[1224/201905.648:ERROR:process_reader_win.cc(151)] SuspendThread: Access is denied. (0x5)
[1224/201905.648:ERROR:process_reader_win.cc(151)] SuspendThread: Access is denied. (0x5)
[1224/201905.649:ERROR:process_reader_win.cc(151)] SuspendThread: Access is denied. (0x5)
[1224/201905.649:ERROR:process_reader_win.cc(151)] SuspendThread: Access is denied. (0x5)
[1224/201905.649:ERROR:process_reader_win.cc(151)] SuspendThread: Access is denied. (0x5)
[1224/201905.649:ERROR:process_reader_win.cc(151)] SuspendThread: Access is denied. (0x5)
[1224/201905.649:ERROR:process_reader_win.cc(151)] SuspendThread: Access is denied. (0x5)
[1224/201905.649:ERROR:process_reader_win.cc(151)] SuspendThread: Access is denied. (0x5)
[1224/201905.649:ERROR:process_reader_win.cc(151)] SuspendThread: Access is denied. (0x5)
[1224/201905.649:ERROR:process_reader_win.cc(151)] SuspendThread: Access is denied. (0x5)
[1224/201905.649:ERROR:process_reader_win.cc(151)] SuspendThread: Access is denied. (0x5)
[1224/201905.649:ERROR:process_reader_win.cc(151)] SuspendThread: Access is denied. (0x5)
[1224/201905.649:ERROR:process_reader_win.cc(123)] NtOpenThread: {Access Denied} A process has requested access to an object, but has not been granted those access rights. (0xc0000022)
[1224/201905.649:ERROR:exception_snapshot_win.cc(99)] thread ID 6880 not found in process
[1224/201905.684:ERROR:process_reader_win.cc(151)] SuspendThread: Access is denied. (0x5)
[1224/201905.684:ERROR:process_reader_win.cc(151)] SuspendThread: Access is denied. (0x5)
[1224/201905.684:ERROR:process_reader_win.cc(151)] SuspendThread: Access is denied. (0x5)
[1224/201905.684:ERROR:process_reader_win.cc(151)] SuspendThread: Access is denied. (0x5)
[1224/201905.684:ERROR:process_reader_win.cc(151)] SuspendThread: Access is denied. (0x5)
[1224/201905.684:ERROR:process_reader_win.cc(151)] SuspendThread: Access is denied. (0x5)
[1224/201905.684:ERROR:process_reader_win.cc(151)] SuspendThread: Access is denied. (0x5)
[1224/201905.684:ERROR:process_reader_win.cc(151)] SuspendThread: Access is denied. (0x5)
[1224/201905.684:ERROR:process_reader_win.cc(123)] NtOpenThread: {Access Denied} A process has requested access to an object, but has not been granted those access rights. (0xc0000022)
[1224/201905.685:ERROR:exception_snapshot_win.cc(99)] thread ID 3820 not found in process
[1224/201905.743:ERROR:process_reader_win.cc(151)] SuspendThread: Access is denied. (0x5)
[1224/201905.743:ERROR:process_reader_win.cc(151)] SuspendThread: Access is denied. (0x5)
[1224/201905.743:ERROR:process_reader_win.cc(151)] SuspendThread: Access is denied. (0x5)
[1224/201905.743:ERROR:process_reader_win.cc(151)] SuspendThread: Access is denied. (0x5)
[1224/201905.743:ERROR:process_reader_win.cc(151)] SuspendThread: Access is denied. (0x5)
[1224/201905.743:ERROR:process_reader_win.cc(151)] SuspendThread: Access is denied. (0x5)
[1224/201905.743:ERROR:process_reader_win.cc(151)] SuspendThread: Access is denied. (0x5)
[1224/201905.743:ERROR:process_reader_win.cc(151)] SuspendThread: Access is denied. (0x5)
[1224/201905.743:ERROR:process_reader_win.cc(151)] SuspendThread: Access is denied. (0x5)
[1224/201905.743:ERROR:process_reader_win.cc(151)] SuspendThread: Access is denied. (0x5)
[1224/201905.743:ERROR:process_reader_win.cc(151)] SuspendThread: Access is denied. (0x5)
[1224/201905.743:ERROR:process_reader_win.cc(151)] SuspendThread: Access is denied. (0x5)
[1224/201905.743:ERROR:process_reader_win.cc(151)] SuspendThread: Access is denied. (0x5)
[1224/201905.744:ERROR:process_reader_win.cc(151)] SuspendThread: Access is denied. (0x5)
[1224/201905.744:ERROR:process_reader_win.cc(151)] SuspendThread: Access is denied. (0x5)
[1224/201905.744:ERROR:process_reader_win.cc(151)] SuspendThread: Access is denied. (0x5)
[1224/201905.744:ERROR:process_reader_win.cc(123)] NtOpenThread: {Access Denied} A process has requested access to an object, but has not been granted those access rights. (0xc0000022)
[1224/201905.744:ERROR:exception_snapshot_win.cc(99)] thread ID 4736 not found in process
[1224/201905.748:ERROR:process_reader_win.cc(151)] SuspendThread: Access is denied. (0x5)
[1224/201905.748:ERROR:process_reader_win.cc(151)] SuspendThread: Access is denied. (0x5)
[1224/201905.748:ERROR:process_reader_win.cc(151)] SuspendThread: Access is denied. (0x5)
[1224/201905.748:ERROR:process_reader_win.cc(151)] SuspendThread: Access is denied. (0x5)
[1224/201905.748:ERROR:process_reader_win.cc(151)] SuspendThread: Access is denied. (0x5)
[1224/201905.748:ERROR:process_reader_win.cc(151)] SuspendThread: Access is denied. (0x5)
[1224/201905.748:ERROR:process_reader_win.cc(151)] SuspendThread: Access is denied. (0x5)
[1224/201905.748:ERROR:process_reader_win.cc(123)] NtOpenThread: {Access Denied} A process has requested access to an object, but has not been granted those access rights. (0xc0000022)
[1224/201905.748:ERROR:exception_snapshot_win.cc(99)] thread ID 6972 not found in process
[1224/201905.808:ERROR:process_reader_win.cc(151)] SuspendThread: Access is denied. (0x5)
[1224/201905.808:ERROR:process_reader_win.cc(151)] SuspendThread: Access is denied. (0x5)
[1224/201905.808:ERROR:process_reader_win.cc(151)] SuspendThread: Access is denied. (0x5)
[1224/201905.808:ERROR:process_reader_win.cc(151)] SuspendThread: Access is denied. (0x5)
[1224/201905.808:ERROR:process_reader_win.cc(151)] SuspendThread: Access is denied. (0x5)
[1224/201905.808:ERROR:process_reader_win.cc(151)] SuspendThread: Access is denied. (0x5)
[1224/201905.808:ERROR:process_reader_win.cc(151)] SuspendThread: Access is denied. (0x5)
[1224/201905.808:ERROR:process_reader_win.cc(151)] SuspendThread: Access is denied. (0x5)
[1224/201905.808:ERROR:process_reader_win.cc(151)] SuspendThread: Access is denied. (0x5)
[1224/201905.808:ERROR:process_reader_win.cc(123)] NtOpenThread: {Access Denied} A process has requested access to an object, but has not been granted those access rights. (0xc0000022)
[1224/201905.808:ERROR:exception_snapshot_win.cc(99)] thread ID 6380 not found in process
[1224/201905.816:ERROR:process_reader_win.cc(151)] SuspendThread: Access is denied. (0x5)
[1224/201905.816:ERROR:process_reader_win.cc(151)] SuspendThread: Access is denied. (0x5)
[1224/201905.816:ERROR:process_reader_win.cc(151)] SuspendThread: Access is denied. (0x5)
[1224/201905.816:ERROR:process_reader_win.cc(151)] SuspendThread: Access is denied. (0x5)
[1224/201905.816:ERROR:process_reader_win.cc(151)] SuspendThread: Access is denied. (0x5)
[1224/201905.816:ERROR:process_reader_win.cc(151)] SuspendThread: Access is denied. (0x5)
[1224/201905.816:ERROR:process_reader_win.cc(151)] SuspendThread: Access is denied. (0x5)
[1224/201905.816:ERROR:process_reader_win.cc(123)] NtOpenThread: {Access Denied} A process has requested access to an object, but has not been granted those access rights. (0xc0000022)
[1224/201905.816:ERROR:exception_snapshot_win.cc(99)] thread ID 692 not found in process
[1224/231531.609:ERROR:directory_reader_win.cc(43)] FindFirstFile: The system cannot find the path specified. (0x3)
[1225/185244.556:ERROR:directory_reader_win.cc(43)] FindFirstFile: The system cannot find the path specified. (0x3)
[1226/070907.435:ERROR:directory_reader_win.cc(43)] FindFirstFile: The system cannot find the path specified. (0x3)
[1226/081616.177:ERROR:directory_reader_win.cc(43)] FindFirstFile: The system cannot find the path specified. (0x3)
[1226/130443.547:ERROR:directory_reader_win.cc(43)] FindFirstFile: The system cannot find the path specified. (0x3)
[1226/164459.239:ERROR:process_reader_win.cc(151)] SuspendThread: Access is denied. (0x5)
[1226/164459.239:ERROR:process_reader_win.cc(123)] NtOpenThread: {Access Denied} A process has requested access to an object, but has not been granted those access rights. (0xc0000022)
[1226/164459.257:ERROR:exception_snapshot_win.cc(99)] thread ID 8700 not found in process
[1226/164459.387:ERROR:process_reader_win.cc(151)] SuspendThread: Access is denied. (0x5)
[1226/164459.387:ERROR:process_reader_win.cc(151)] SuspendThread: Access is denied. (0x5)
[1226/164459.387:ERROR:process_reader_win.cc(151)] SuspendThread: Access is denied. (0x5)
[1226/164459.387:ERROR:process_reader_win.cc(151)] SuspendThread: Access is denied. (0x5)
[1226/164459.387:ERROR:process_reader_win.cc(151)] SuspendThread: Access is denied. (0x5)
[1226/164459.387:ERROR:process_reader_win.cc(151)] SuspendThread: Access is denied. (0x5)
[1226/164459.387:ERROR:process_reader_win.cc(151)] SuspendThread: Access is denied. (0x5)
[1226/164459.387:ERROR:process_reader_win.cc(151)] SuspendThread: Access is denied. (0x5)
[1226/164459.387:ERROR:process_reader_win.cc(123)] NtOpenThread: {Access Denied} A process has requested access to an object, but has not been granted those access rights. (0xc0000022)
[1226/164459.387:ERROR:exception_snapshot_win.cc(99)] thread ID 9640 not found in process
[1226/164459.490:ERROR:process_reader_win.cc(151)] SuspendThread: Access is denied. (0x5)
[1226/164459.490:ERROR:process_reader_win.cc(151)] SuspendThread: Access is denied. (0x5)
[1226/164459.490:ERROR:process_reader_win.cc(151)] SuspendThread: Access is denied. (0x5)
[1226/164459.490:ERROR:process_reader_win.cc(151)] SuspendThread: Access is denied. (0x5)
[1226/164459.490:ERROR:process_reader_win.cc(151)] SuspendThread: Access is denied. (0x5)
[1226/164459.490:ERROR:process_reader_win.cc(151)] SuspendThread: Access is denied. (0x5)
[1226/164459.490:ERROR:process_reader_win.cc(151)] SuspendThread: Access is denied. (0x5)
[1226/164459.490:ERROR:process_reader_win.cc(151)] SuspendThread: Access is denied. (0x5)
[1226/164459.490:ERROR:process_reader_win.cc(151)] SuspendThread: Access is denied. (0x5)
[1226/164459.490:ERROR:process_reader_win.cc(151)] SuspendThread: Access is denied. (0x5)
[1226/164459.490:ERROR:process_reader_win.cc(151)] SuspendThread: Access is denied. (0x5)
[1226/164459.490:ERROR:process_reader_win.cc(151)] SuspendThread: Access is denied. (0x5)
[1226/164459.490:ERROR:process_reader_win.cc(151)] SuspendThread: Access is denied. (0x5)
[1226/164459.490:ERROR:process_reader_win.cc(123)] NtOpenThread: {Access Denied} A process has requested access to an object, but has not been granted those access rights. (0xc0000022)
[1226/164459.490:ERROR:exception_snapshot_win.cc(99)] thread ID 3728 not found in process
[1226/164459.574:ERROR:process_reader_win.cc(151)] SuspendThread: Access is denied. (0x5)
[1226/164459.574:ERROR:process_reader_win.cc(151)] SuspendThread: Access is denied. (0x5)
[1226/164459.574:ERROR:process_reader_win.cc(151)] SuspendThread: Access is denied. (0x5)
[1226/164459.574:ERROR:process_reader_win.cc(151)] SuspendThread: Access is denied. (0x5)
[1226/164459.574:ERROR:process_reader_win.cc(151)] SuspendThread: Access is denied. (0x5)
[1226/164459.574:ERROR:process_reader_win.cc(151)] SuspendThread: Access is denied. (0x5)
[1226/164459.574:ERROR:process_reader_win.cc(151)] SuspendThread: Access is denied. (0x5)
[1226/164459.574:ERROR:process_reader_win.cc(151)] SuspendThread: Access is denied. (0x5)
[1226/164459.574:ERROR:process_reader_win.cc(123)] NtOpenThread: {Access Denied} A process has requested access to an object, but has not been granted those access rights. (0xc0000022)
[1226/164459.574:ERROR:exception_snapshot_win.cc(99)] thread ID 9716 not found in process
[1226/164459.609:ERROR:process_reader_win.cc(151)] SuspendThread: Access is denied. (0x5)
[1226/164459.609:ERROR:process_reader_win.cc(151)] SuspendThread: Access is denied. (0x5)
[1226/164459.609:ERROR:process_reader_win.cc(151)] SuspendThread: Access is denied. (0x5)
[1226/164459.609:ERROR:process_reader_win.cc(151)] SuspendThread: Access is denied. (0x5)
[1226/164459.609:ERROR:process_reader_win.cc(151)] SuspendThread: Access is denied. (0x5)
[1226/164459.609:ERROR:process_reader_win.cc(151)] SuspendThread: Access is denied. (0x5)
[1226/164459.609:ERROR:process_reader_win.cc(151)] SuspendThread: Access is denied. (0x5)
[1226/164459.609:ERROR:process_reader_win.cc(151)] SuspendThread: Access is denied. (0x5)
[1226/164459.609:ERROR:process_reader_win.cc(151)] SuspendThread: Access is denied. (0x5)
[1226/164459.609:ERROR:process_reader_win.cc(123)] NtOpenThread: {Access Denied} A process has requested access to an object, but has not been granted those access rights. (0xc0000022)
[1226/164459.609:ERROR:exception_snapshot_win.cc(99)] thread ID 7464 not found in process
[1226/164459.653:ERROR:process_reader_win.cc(151)] SuspendThread: Access is denied. (0x5)
[1226/164459.653:ERROR:process_reader_win.cc(151)] SuspendThread: Access is denied. (0x5)
[1226/164459.653:ERROR:process_reader_win.cc(151)] SuspendThread: Access is denied. (0x5)
[1226/164459.653:ERROR:process_reader_win.cc(151)] SuspendThread: Access is denied. (0x5)
[1226/164459.653:ERROR:process_reader_win.cc(151)] SuspendThread: Access is denied. (0x5)
[1226/164459.653:ERROR:process_reader_win.cc(151)] SuspendThread: Access is denied. (0x5)
[1226/164459.653:ERROR:process_reader_win.cc(151)] SuspendThread: Access is denied. (0x5)
[1226/164459.653:ERROR:process_reader_win.cc(151)] SuspendThread: Access is denied. (0x5)
[1226/164459.653:ERROR:process_reader_win.cc(151)] SuspendThread: Access is denied. (0x5)
[1226/164459.653:ERROR:process_reader_win.cc(151)] SuspendThread: Access is denied. (0x5)
[1226/164459.653:ERROR:process_reader_win.cc(151)] SuspendThread: Access is denied. (0x5)
[1226/164459.653:ERROR:process_reader_win.cc(151)] SuspendThread: Access is denied. (0x5)
[1226/164459.653:ERROR:process_reader_win.cc(151)] SuspendThread: Access is denied. (0x5)
[1226/164459.653:ERROR:process_reader_win.cc(123)] NtOpenThread: {Access Denied} A process has requested access to an object, but has not been granted those access rights. (0xc0000022)
[1226/164459.654:ERROR:exception_snapshot_win.cc(99)] thread ID 1628 not found in process
[1226/164459.699:ERROR:process_reader_win.cc(151)] SuspendThread: Access is denied. (0x5)
[1226/164459.699:ERROR:process_reader_win.cc(151)] SuspendThread: Access is denied. (0x5)
[1226/164459.699:ERROR:process_reader_win.cc(151)] SuspendThread: Access is denied. (0x5)
[1226/164459.699:ERROR:process_reader_win.cc(151)] SuspendThread: Access is denied. (0x5)
[1226/164459.699:ERROR:process_reader_win.cc(151)] SuspendThread: Access is denied. (0x5)
[1226/164459.699:ERROR:process_reader_win.cc(151)] SuspendThread: Access is denied. (0x5)
[1226/164459.699:ERROR:process_reader_win.cc(151)] SuspendThread: Access is denied. (0x5)
[1226/164459.699:ERROR:process_reader_win.cc(151)] SuspendThread: Access is denied. (0x5)
[1226/164459.699:ERROR:process_reader_win.cc(151)] SuspendThread: Access is denied. (0x5)
[1226/164459.700:ERROR:process_reader_win.cc(123)] NtOpenThread: {Access Denied} A process has requested access to an object, but has not been granted those access rights. (0xc0000022)
[1226/164459.700:ERROR:exception_snapshot_win.cc(99)] thread ID 9352 not found in process
[1226/164459.734:ERROR:process_reader_win.cc(151)] SuspendThread: Access is denied. (0x5)
[1226/164459.737:ERROR:process_reader_win.cc(151)] SuspendThread: Access is denied. (0x5)
[1226/164459.737:ERROR:process_reader_win.cc(151)] SuspendThread: Access is denied. (0x5)
[1226/164459.737:ERROR:process_reader_win.cc(151)] SuspendThread: Access is denied. (0x5)
[1226/164459.737:ERROR:process_reader_win.cc(151)] SuspendThread: Access is denied. (0x5)
[1226/164459.737:ERROR:process_reader_win.cc(151)] SuspendThread: Access is denied. (0x5)
[1226/164459.737:ERROR:process_reader_win.cc(151)] SuspendThread: Access is denied. (0x5)
[1226/164459.737:ERROR:process_reader_win.cc(151)] SuspendThread: Access is denied. (0x5)
[1226/164459.737:ERROR:process_reader_win.cc(151)] SuspendThread: Access is denied. (0x5)
[1226/164459.737:ERROR:process_reader_win.cc(123)] NtOpenThread: {Access Denied} A process has requested access to an object, but has not been granted those access rights. (0xc0000022)
[1226/164459.738:ERROR:exception_snapshot_win.cc(99)] thread ID 4316 not found in process
[1226/164459.807:ERROR:process_reader_win.cc(151)] SuspendThread: Access is denied. (0x5)
[1226/164459.807:ERROR:process_reader_win.cc(151)] SuspendThread: Access is denied. (0x5)
[1226/164459.807:ERROR:process_reader_win.cc(151)] SuspendThread: Access is denied. (0x5)
[1226/164459.807:ERROR:process_reader_win.cc(151)] SuspendThread: Access is denied. (0x5)
[1226/164459.807:ERROR:process_reader_win.cc(151)] SuspendThread: Access is denied. (0x5)
[1226/164459.807:ERROR:process_reader_win.cc(151)] SuspendThread: Access is denied. (0x5)
[1226/164459.807:ERROR:process_reader_win.cc(151)] SuspendThread: Access is denied. (0x5)
[1226/164459.807:ERROR:process_reader_win.cc(151)] SuspendThread: Access is denied. (0x5)
[1226/164459.807:ERROR:process_reader_win.cc(151)] SuspendThread: Access is denied. (0x5)
[1226/164459.807:ERROR:process_reader_win.cc(123)] NtOpenThread: {Access Denied} A process has requested access to an object, but has not been granted those access rights. (0xc0000022)
[1226/164459.807:ERROR:exception_snapshot_win.cc(99)] thread ID 10016 not found in process
[1226/164459.851:ERROR:process_reader_win.cc(151)] SuspendThread: Access is denied. (0x5)
[1226/164459.851:ERROR:process_reader_win.cc(151)] SuspendThread: Access is denied. (0x5)
[1226/164459.851:ERROR:process_reader_win.cc(151)] SuspendThread: Access is denied. (0x5)
[1226/164459.851:ERROR:process_reader_win.cc(151)] SuspendThread: Access is denied. (0x5)
[1226/164459.851:ERROR:process_reader_win.cc(151)] SuspendThread: Access is denied. (0x5)
[1226/164459.851:ERROR:process_reader_win.cc(151)] SuspendThread: Access is denied. (0x5)
[1226/164459.851:ERROR:process_reader_win.cc(151)] SuspendThread: Access is denied. (0x5)
[1226/164459.851:ERROR:process_reader_win.cc(151)] SuspendThread: Access is denied. (0x5)
[1226/164459.851:ERROR:process_reader_win.cc(151)] SuspendThread: Access is denied. (0x5)
[1226/164459.851:ERROR:process_reader_win.cc(151)] SuspendThread: Access is denied. (0x5)
[1226/164459.851:ERROR:process_reader_win.cc(151)] SuspendThread: Access is denied. (0x5)
[1226/164459.851:ERROR:process_reader_win.cc(151)] SuspendThread: Access is denied. (0x5)
[1226/164459.852:ERROR:process_reader_win.cc(123)] NtOpenThread: {Access Denied} A process has requested access to an object, but has not been granted those access rights. (0xc0000022)
[1226/164459.852:ERROR:exception_snapshot_win.cc(99)] thread ID 6772 not found in process
[1226/164459.894:ERROR:process_reader_win.cc(151)] SuspendThread: Access is denied. (0x5)
[1226/164459.894:ERROR:process_reader_win.cc(151)] SuspendThread: Access is denied. (0x5)
[1226/164459.894:ERROR:process_reader_win.cc(151)] SuspendThread: Access is denied. (0x5)
[1226/164459.894:ERROR:process_reader_win.cc(151)] SuspendThread: Access is denied. (0x5)
[1226/164459.894:ERROR:process_reader_win.cc(151)] SuspendThread: Access is denied. (0x5)
[1226/164459.894:ERROR:process_reader_win.cc(151)] SuspendThread: Access is denied. (0x5)
[1226/164459.894:ERROR:process_reader_win.cc(151)] SuspendThread: Access is denied. (0x5)
[1226/164459.895:ERROR:process_reader_win.cc(151)] SuspendThread: Access is denied. (0x5)
[1226/164459.895:ERROR:process_reader_win.cc(151)] SuspendThread: Access is denied. (0x5)
[1226/164459.895:ERROR:process_reader_win.cc(123)] NtOpenThread: {Access Denied} A process has requested access to an object, but has not been granted those access rights. (0xc0000022)
[1226/164459.895:ERROR:exception_snapshot_win.cc(99)] thread ID 708 not found in process
[1226/164459.929:ERROR:process_reader_win.cc(151)] SuspendThread: Access is denied. (0x5)
[1226/164459.929:ERROR:process_reader_win.cc(151)] SuspendThread: Access is denied. (0x5)
[1226/164459.929:ERROR:process_reader_win.cc(151)] SuspendThread: Access is denied. (0x5)
[1226/164459.929:ERROR:process_reader_win.cc(151)] SuspendThread: Access is denied. (0x5)
[1226/164459.929:ERROR:process_reader_win.cc(151)] SuspendThread: Access is denied. (0x5)
[1226/164459.929:ERROR:process_reader_win.cc(151)] SuspendThread: Access is denied. (0x5)
[1226/164459.929:ERROR:process_reader_win.cc(151)] SuspendThread: Access is denied. (0x5)
[1226/164459.929:ERROR:process_reader_win.cc(151)] SuspendThread: Access is denied. (0x5)
[1226/164459.929:ERROR:process_reader_win.cc(151)] SuspendThread: Access is denied. (0x5)
[1226/164459.929:ERROR:process_reader_win.cc(151)] SuspendThread: Access is denied. (0x5)
[1226/164459.929:ERROR:process_reader_win.cc(151)] SuspendThread: Access is denied. (0x5)
[1226/164459.929:ERROR:process_reader_win.cc(151)] SuspendThread: Access is denied. (0x5)
[1226/164459.929:ERROR:process_reader_win.cc(123)] NtOpenThread: {Access Denied} A process has requested access to an object, but has not been granted those access rights. (0xc0000022)
[1226/164459.929:ERROR:exception_snapshot_win.cc(99)] thread ID 3412 not found in process
[1226/164459.964:ERROR:process_reader_win.cc(151)] SuspendThread: Access is denied. (0x5)
[1226/164459.964:ERROR:process_reader_win.cc(151)] SuspendThread: Access is denied. (0x5)
[1226/164459.964:ERROR:process_reader_win.cc(151)] SuspendThread: Access is denied. (0x5)
[1226/164459.964:ERROR:process_reader_win.cc(151)] SuspendThread: Access is denied. (0x5)
[1226/164459.964:ERROR:process_reader_win.cc(151)] SuspendThread: Access is denied. (0x5)
[1226/164459.964:ERROR:process_reader_win.cc(151)] SuspendThread: Access is denied. (0x5)
[1226/164459.964:ERROR:process_reader_win.cc(151)] SuspendThread: Access is denied. (0x5)
[1226/164459.964:ERROR:process_reader_win.cc(151)] SuspendThread: Access is denied. (0x5)
[1226/164459.965:ERROR:process_reader_win.cc(151)] SuspendThread: Access is denied. (0x5)
[1226/164459.965:ERROR:process_reader_win.cc(123)] NtOpenThread: {Access Denied} A process has requested access to an object, but has not been granted those access rights. (0xc0000022)
[1226/164459.965:ERROR:exception_snapshot_win.cc(99)] thread ID 2300 not found in process
[1226/164459.998:ERROR:process_reader_win.cc(151)] SuspendThread: Access is denied. (0x5)
[1226/164459.998:ERROR:process_reader_win.cc(151)] SuspendThread: Access is denied. (0x5)
[1226/164459.998:ERROR:process_reader_win.cc(151)] SuspendThread: Access is denied. (0x5)
[1226/164459.998:ERROR:process_reader_win.cc(151)] SuspendThread: Access is denied. (0x5)
[1226/164459.998:ERROR:process_reader_win.cc(151)] SuspendThread: Access is denied. (0x5)
[1226/164459.998:ERROR:process_reader_win.cc(151)] SuspendThread: Access is denied. (0x5)
[1226/164459.998:ERROR:process_reader_win.cc(151)] SuspendThread: Access is denied. (0x5)
[1226/164459.998:ERROR:process_reader_win.cc(151)] SuspendThread: Access is denied. (0x5)
[1226/164459.998:ERROR:process_reader_win.cc(151)] SuspendThread: Access is denied. (0x5)
[1226/164459.998:ERROR:process_reader_win.cc(123)] NtOpenThread: {Access Denied} A process has requested access to an object, but has not been granted those access rights. (0xc0000022)
[1226/164459.998:ERROR:exception_snapshot_win.cc(99)] thread ID 7324 not found in process
[1226/164500.034:ERROR:process_reader_win.cc(151)] SuspendThread: Access is denied. (0x5)
[1226/164500.034:ERROR:process_reader_win.cc(151)] SuspendThread: Access is denied. (0x5)
[1226/164500.034:ERROR:process_reader_win.cc(151)] SuspendThread: Access is denied. (0x5)
[1226/164500.034:ERROR:process_reader_win.cc(151)] SuspendThread: Access is denied. (0x5)
[1226/164500.034:ERROR:process_reader_win.cc(151)] SuspendThread: Access is denied. (0x5)
[1226/164500.034:ERROR:process_reader_win.cc(151)] SuspendThread: Access is denied. (0x5)
[1226/164500.034:ERROR:process_reader_win.cc(151)] SuspendThread: Access is denied. (0x5)
[1226/164500.034:ERROR:process_reader_win.cc(151)] SuspendThread: Access is denied. (0x5)
[1226/164500.034:ERROR:process_reader_win.cc(151)] SuspendThread: Access is denied. (0x5)
[1226/164500.034:ERROR:process_reader_win.cc(151)] SuspendThread: Access is denied. (0x5)
[1226/164500.034:ERROR:process_reader_win.cc(151)] SuspendThread: Access is denied. (0x5)
[1226/164500.034:ERROR:process_reader_win.cc(151)] SuspendThread: Access is denied. (0x5)
[1226/164500.034:ERROR:process_reader_win.cc(123)] NtOpenThread: {Access Denied} A process has requested access to an object, but has not been granted those access rights. (0xc0000022)
[1226/164500.034:ERROR:exception_snapshot_win.cc(99)] thread ID 8340 not found in process
[1226/164500.096:ERROR:process_reader_win.cc(151)] SuspendThread: Access is denied. (0x5)
[1226/164500.096:ERROR:process_reader_win.cc(151)] SuspendThread: Access is denied. (0x5)
[1226/164500.096:ERROR:process_reader_win.cc(151)] SuspendThread: Access is denied. (0x5)
[1226/164500.096:ERROR:process_reader_win.cc(151)] SuspendThread: Access is denied. (0x5)
[1226/164500.096:ERROR:process_reader_win.cc(151)] SuspendThread: Access is denied. (0x5)
[1226/164500.096:ERROR:process_reader_win.cc(151)] SuspendThread: Access is denied. (0x5)
[1226/164500.097:ERROR:process_reader_win.cc(151)] SuspendThread: Access is denied. (0x5)
[1226/164500.097:ERROR:process_reader_win.cc(151)] SuspendThread: Access is denied. (0x5)
[1226/164500.097:ERROR:process_reader_win.cc(123)] NtOpenThread: {Access Denied} A process has requested access to an object, but has not been granted those access rights. (0xc0000022)
[1226/164500.097:ERROR:exception_snapshot_win.cc(99)] thread ID 7608 not found in process
[1226/164500.119:ERROR:process_reader_win.cc(151)] SuspendThread: Access is denied. (0x5)
[1226/164500.119:ERROR:process_reader_win.cc(151)] SuspendThread: Access is denied. (0x5)
[1226/164500.119:ERROR:process_reader_win.cc(151)] SuspendThread: Access is denied. (0x5)
[1226/164500.119:ERROR:process_reader_win.cc(151)] SuspendThread: Access is denied. (0x5)
[1226/164500.120:ERROR:process_reader_win.cc(151)] SuspendThread: Access is denied. (0x5)
[1226/164500.120:ERROR:process_reader_win.cc(151)] SuspendThread: Access is denied. (0x5)
[1226/164500.120:ERROR:process_reader_win.cc(151)] SuspendThread: Access is denied. (0x5)
[1226/164500.120:ERROR:process_reader_win.cc(151)] SuspendThread: Access is denied. (0x5)
[1226/164500.120:ERROR:process_reader_win.cc(151)] SuspendThread: Access is denied. (0x5)
[1226/164500.120:ERROR:process_reader_win.cc(151)] SuspendThread: Access is denied. (0x5)
[1226/164500.120:ERROR:process_reader_win.cc(151)] SuspendThread: Access is denied. (0x5)
[1226/164500.120:ERROR:process_reader_win.cc(151)] SuspendThread: Access is denied. (0x5)
[1226/164500.120:ERROR:process_reader_win.cc(123)] NtOpenThread: {Access Denied} A process has requested access to an object, but has not been granted those access rights. (0xc0000022)
[1226/164500.120:ERROR:exception_snapshot_win.cc(99)] thread ID 3716 not found in process
[1226/164500.161:ERROR:process_reader_win.cc(151)] SuspendThread: Access is denied. (0x5)
[1226/164500.162:ERROR:process_reader_win.cc(151)] SuspendThread: Access is denied. (0x5)
[1226/164500.162:ERROR:process_reader_win.cc(151)] SuspendThread: Access is denied. (0x5)
[1226/164500.162:ERROR:process_reader_win.cc(151)] SuspendThread: Access is denied. (0x5)
[1226/164500.162:ERROR:process_reader_win.cc(151)] SuspendThread: Access is denied. (0x5)
[1226/164500.162:ERROR:process_reader_win.cc(151)] SuspendThread: Access is denied. (0x5)
[1226/164500.162:ERROR:process_reader_win.cc(151)] SuspendThread: Access is denied. (0x5)
[1226/164500.162:ERROR:process_reader_win.cc(123)] NtOpenThread: {Access Denied} A process has requested access to an object, but has not been granted those access rights. (0xc0000022)
[1226/164500.162:ERROR:exception_snapshot_win.cc(99)] thread ID 912 not found in process
[1227/074155.404:ERROR:directory_reader_win.cc(43)] FindFirstFile: The system cannot find the path specified. (0x3)
[1227/193545.731:ERROR:directory_reader_win.cc(43)] FindFirstFile: The system cannot find the path specified. (0x3)
